#  /Developer/usr/bin/gdb t=0.027345 Tepoch=1342286280.703693
<- (gdb) 
-> 6102-gdb-version
#  PBXGDB_MIGDBVersionCommand t=7.526314 Tepoch=1342286288.202663
-> 6103-gdb-set auto-raise-load-levels 1
#  PBXGDB_MISetAutoRaiseSymbols t=7.526422 Tepoch=1342286288.202770
-> 6104-gdb-set env DYLD_NO_FIX_PREBINDING YES
#  PBXGDB_MISetEnvCommand t=7.526501 Tepoch=1342286288.202849
-> 6105-gdb-set env SSH_AUTH_SOCK /tmp/launch-6piGLb/Listeners
#  PBXGDB_MISetEnvCommand t=7.526604 Tepoch=1342286288.202952
-> 6106-gdb-set env GL_ENABLE_DEBUG_ATTACH YES
#  PBXGDB_MISetEnvCommand t=7.526675 Tepoch=1342286288.203023
-> 6107-gdb-set env C_INCLUDE_PATH /include:/usr/include:usr/local/include:/opt/local/include:/sw/include:/Developer/usr/include:/usr/local/clang+llvm-2.9-x86_64-apple-darwin10/include:/usr/local/apr/include:/usr/local/llvm-gcc-4.2-2.9-x86_64-apple-darwin10/include:/usr/local/cuda/include:/usr/local/mysql/include:/usr/local/mysql-5.5.9-osx10.6-x86_64/include:/usr/local/php5/include
#  PBXGDB_MISetEnvCommand t=7.526752 Tepoch=1342286288.203100
-> 6108-gdb-set env Apple_PubSub_Socket_Render /tmp/launch-plJH2Q/Render
#  PBXGDB_MISetEnvCommand t=7.526841 Tepoch=1342286288.203189
-> 6109-gdb-set env NODE_PATH /Users/ericgallager/node_modules:/opt/local/lib/node_modules
#  PBXGDB_MISetEnvCommand t=7.526916 Tepoch=1342286288.203264
-> 6110-gdb-set env DBUS_FINK_SESSION_BUS_SOCKET /tmp/launch-BN09HO/unix_domain_listener
#  PBXGDB_MISetEnvCommand t=7.527133 Tepoch=1342286288.203481
-> 6111-gdb-set env COM_GOOGLE_CHROME_FRAMEWORK_SERVICE_PROCESS/USERS/ERICGALLAGER/LIBRARY/APPLICATION_SUPPORT/GOOGLE/CHROME_CANARY_SOCKET /tmp/launch-sSpoaA/ServiceProcessSocket
#  PBXGDB_MISetEnvCommand t=7.527217 Tepoch=1342286288.203566
-> 6112-gdb-set env DYLD_FRAMEWORK_PATH /Users/localadmin/Documents/School/Computer Science/Intro to C/TicTacToe/build/Debug
#  PBXGDB_MISetEnvCommand t=7.527307 Tepoch=1342286288.203655
-> 6113-gdb-set env USERBREAK 1
#  PBXGDB_MISetEnvCommand t=7.527383 Tepoch=1342286288.203731
-> 6114-gdb-set env GNUSTEP_SYSTEM_ROOT /opt/local/GNUstep/System
#  PBXGDB_MISetEnvCommand t=7.527454 Tepoch=1342286288.203802
-> 6115-gdb-set env SHELL /bin/bash
#  PBXGDB_MISetEnvCommand t=7.527540 Tepoch=1342286288.203888
-> 6116-gdb-set env DYLD_LIBRARY_PATH /Users/localadmin/Documents/School/Computer Science/Intro to C/TicTacToe/build/Debug
#  PBXGDB_MISetEnvCommand t=7.527615 Tepoch=1342286288.203963
-> 6117-gdb-set env PKG_CONFIG_PATH /usr/lib/pkgconfig:/usr/local/lib/pkgconfig:/opt/local/lib/pkgconfig:/sw/lib/pkgconfig:/lib/pkgconfig:/Developer/usr/lib/pkgconfig
#  PBXGDB_MISetEnvCommand t=7.527692 Tepoch=1342286288.204040
-> 6118-gdb-set env NSUnbufferedIO YES
#  PBXGDB_MISetEnvCommand t=7.527780 Tepoch=1342286288.204128
-> 6119-gdb-set env PATH /Developer/usr/bin:/bin:/sbin:/usr/bin:/usr/sbin:/opt/local/bin:/opt/local/sbin:/opt/local/GNUstep/System/Tools:/sw/bin:/sw/sbin:/sw2/bootstrap/bin:/sw2/bootstrap/sbin:/usr/local/sbin:/Developer/Tools:/usr/local/tigcc/bin:/usr/local/texlive/2010basic/bin/universal-darwin:/usr/local/php5/bin:/usr/local/mysql-5.5.9-osx10.6-x86_64/bin:/usr/local/mysql/bin:/Developer/usr/bin:/Developer/usr/sbin:/Developer/usr/local/bin:/usr/local/heroku/bin:/usr/local/git/bin:/usr/local/foreman/bin:/usr/local/flexnetserver:/usr/local/clamXav/bin:/opt/nova/bin:/opt/local/lib/erlang/bin:/Users/ericgallager/Downloads/WebKit-r101776/Tools/CygwinDownloader/bin:/Users/ericgallager/Downloads/nacl_sdk/pepper_15/toolchain/mac_x86_newlib/bin:/Users/ericgallager/Downloads/nacl_sdk/pepper_15/toolchain/mac_x86_newlib/bin:/usr/local/ActivePerl-5.14/bin:/usr/local/PDK/bin:/opt/local/GNUstep/bin:/bin:/sbin:/usr/bin:/usr/sbin:/usr/local/bin:/usr/X11/bin:/usr/X11/lib/X11/xinit:/opt/X11/bin:/System/Library/Java/JavaVirtualMachines/1.6.0.jdk/Contents/Home/bin:/Library/Java/JavaVirtualMachines/1.6.0_29-b11-402.jdk/Contents/Home/bin:/Developer/GPU\ Computing/CUDALibraries/bin/darwin/release:/opt/local/src/go/go-57.1/bin:/opt/local/share/java/android-sdk-mac_x86/platform-tools:/usr/local/sdcc/bin:/usr/X11R6/bin:/Users/localadmin/.local/bin:/Users/ericgallager/go/bin:/Users/ericgallager/.gem/ruby/1.8/bin:/usr/local/osxbook/efi/gcc-4.1.0-glibc-2.3.6/i686-osxbook-linux-gnu/bin
#  PBXGDB_MISetEnvCommand t=7.687990 Tepoch=1342286288.364338
-> 6120-gdb-set env DISPLAY /tmp/launch-ygimmO/org.macosforge.xquartz:0
#  PBXGDB_MISetEnvCommand t=7.736425 Tepoch=1342286288.412773
-> 6121-gdb-set env DBUS_LAUNCHD_SESSION_BUS_SOCKET /tmp/launch-XkJAEf/unix_domain_listener
#  PBXGDB_MISetEnvCommand t=7.736644 Tepoch=1342286288.412992
-> 6122-gdb-set env COMMAND_MODE unix2003
#  PBXGDB_MISetEnvCommand t=7.736720 Tepoch=1342286288.413068
-> 6123-gdb-set env HOME /Users/ericgallager
#  PBXGDB_MISetEnvCommand t=7.736791 Tepoch=1342286288.413139
-> 6124-gdb-set env TMPDIR /var/folders/2V/2VxMt4WCF5avqTEcHvhx9k+++TI/-Tmp-/
#  PBXGDB_MISetEnvCommand t=7.736862 Tepoch=1342286288.413210
-> 6125-gdb-set env USER ericgallager
#  PBXGDB_MISetEnvCommand t=7.736946 Tepoch=1342286288.413294
-> 6126-gdb-set env GOROOT /opt/local/src/go/go-57.1
#  PBXGDB_MISetEnvCommand t=7.737018 Tepoch=1342286288.413366
-> 6127-gdb-set env LOGNAME ericgallager
#  PBXGDB_MISetEnvCommand t=7.737212 Tepoch=1342286288.413561
-> 6128-gdb-set env CVS_RSH ssh
#  PBXGDB_MISetEnvCommand t=7.737302 Tepoch=1342286288.413650
-> 6129-gdb-set env __CF_USER_TEXT_ENCODING 0x1F5:0:0
#  PBXGDB_MISetEnvCommand t=7.737396 Tepoch=1342286288.413744
-> 6130-gdb-set env SSH_ASKPASS /Developer/Library/PrivateFrameworks/DevToolsInterface.framework/Resources/Xcode SSHPassKey
#  PBXGDB_MISetEnvCommand t=7.737470 Tepoch=1342286288.413818
-> 6131-gdb-set env DYLD_NEW_LOCAL_SHARED_REGIONS YES
#  PBXGDB_MISetEnvCommand t=7.737561 Tepoch=1342286288.413909
#  Enqueue seq in Command Q: <PBXGDB_SetupSharedLibrarySequence: 0x200244880> t=7.737636 Tepoch=1342286288.413984
#  Executing Sequence: <PBXGDB_SetupSharedLibrarySequence: 0x200244880> t=7.737726 Tepoch=1342286288.414074
-> 6133-gdb-set inferior-auto-start-cfm off
#  PBXGDB_MISetLoadCFMInfoCommand t=7.737834 Tepoch=1342286288.414182
-> 6132-gdb-set sharedLibrary load-rules dyld ".*AppKit.*" all dyld ".*libobjc.*" all dyld ".*CarbonDataFormatters.*" all dyld ".*libauto.*" all dyld ".*PBGDBIntrospectionSupport.*" all dyld ".*CFDataFormatters.*" all dyld ".*CoreFoundation.*" extern dyld ".*libSystem.*" all dyld ".*/usr/lib/dyld.*" all dyld ".*Foundation.*" all dyld "/System/Library/Frameworks\\\\|/System/Library/PrivateFrameworks\\\\|/usr/lib" extern dyld ".*" extern exec ".*" extern 
#  PBXGDB_MISetSharedLibraryLoadSymbolsCommand t=7.738175 Tepoch=1342286288.414523
-> 6134tty /dev/ttys005
#  PBXGDB_MISetTTYCommand t=7.738274 Tepoch=1342286288.414622
#  Enqueue seq in Command Q: <PBXGDB_GenericMICommandSequence: 0x2000477e0> t=7.738341 Tepoch=1342286288.414689
#  Enqueue seq in Command Q: <PBXGDB_FixAndContinueIsSupportedSequence: 0x200051300> t=7.738389 Tepoch=1342286288.414737
#  Enqueue seq in Command Q: <PBXGDB_NewBreakpointSequence: 0x203043c00> t=7.750089 Tepoch=1342286288.426437
#  Enqueue seq in Command Q: <PBXGDB_NewBreakpointSequence: 0x202f99fe0> t=7.750197 Tepoch=1342286288.426545
#  Enqueue seq in Command Q: <PBXGDB_NewBreakpointSequence: 0x202e4d660> t=7.750286 Tepoch=1342286288.426634
#  Enqueue seq in Command Q: <PBXGDB_NewBreakpointSequence: 0x2023e39e0> t=7.750375 Tepoch=1342286288.426723
#  Enqueue seq in Command Q: <PBXGDB_NewBreakpointSequence: 0x2019205c0> t=7.750455 Tepoch=1342286288.426803
#  Enqueue seq in Command Q: <PBXGDB_NewBreakpointSequence: 0x2031e39a0> t=7.750536 Tepoch=1342286288.426885
#  Enqueue seq in Command Q: <PBXGDB_NewBreakpointSequence: 0x2031de480> t=7.750624 Tepoch=1342286288.426973
#  Enqueue seq in Command Q: <PBXGDB_NewBreakpointSequence: 0x202ff9820> t=7.750710 Tepoch=1342286288.427058
#  Enqueue seq in Command Q: <PBXGDB_NewBreakpointSequence: 0x20252d980> t=7.750793 Tepoch=1342286288.427141
#  Enqueue seq in Command Q: <PBXGDB_NewBreakpointSequence: 0x201e14a40> t=7.750881 Tepoch=1342286288.427229
#  Enqueue seq in Command Q: <PBXGDB_NewBreakpointSequence: 0x200ee5e80> t=7.751020 Tepoch=1342286288.427369
#  Enqueue seq in Command Q: <PBXGDB_NewBreakpointSequence: 0x2033880c0> t=7.752528 Tepoch=1342286288.428877
#  Enqueue seq in Command Q: <PBXGDB_NewBreakpointSequence: 0x2029d27e0> t=7.808089 Tepoch=1342286288.484437
#  Enqueue seq in Command Q: <PBXGDB_NewBreakpointSequence: 0x202881d00> t=7.860604 Tepoch=1342286288.536953
#  Enqueue seq in Command Q: <PBXGDB_NewBreakpointSequence: 0x202874820> t=7.860713 Tepoch=1342286288.537062
#  Enqueue seq in Command Q: <PBXGDB_NewBreakpointSequence: 0x202864360> t=7.860796 Tepoch=1342286288.537145
#  Enqueue seq in Command Q: <PBXGDB_NewBreakpointSequence: 0x20285b860> t=7.860876 Tepoch=1342286288.537225
#  Enqueue seq in Command Q: <PBXGDB_NewBreakpointSequence: 0x20283d400> t=7.880895 Tepoch=1342286288.557243
#  Enqueue seq in Command Q: <PBXGDB_NewBreakpointSequence: 0x20282ce80> t=7.881023 Tepoch=1342286288.557371
#  Enqueue seq in Command Q: <PBXGDB_NewBreakpointSequence: 0x20281ccc0> t=7.881130 Tepoch=1342286288.557478
#  Enqueue seq in Command Q: <PBXGDB_NewBreakpointSequence: 0x20280c500> t=7.881214 Tepoch=1342286288.557562
#  Enqueue seq in Command Q: <PBXGDB_NewBreakpointSequence: 0x2027f7c20> t=7.881291 Tepoch=1342286288.557639
#  Enqueue seq in Command Q: <PBXGDB_NewBreakpointSequence: 0x2027ede60> t=7.881368 Tepoch=1342286288.557716
#  Enqueue seq in Command Q: <PBXGDB_NewBreakpointSequence: 0x2027dc580> t=7.881449 Tepoch=1342286288.557797
#  Enqueue seq in Command Q: <PBXGDB_NewBreakpointSequence: 0x2027ca540> t=7.881551 Tepoch=1342286288.557899
#  Enqueue seq in Command Q: <PBXGDB_NewBreakpointSequence: 0x2027b2960> t=7.881636 Tepoch=1342286288.557984
#  Enqueue seq in Command Q: <PBXGDB_NewBreakpointSequence: 0x2027ab5a0> t=7.881715 Tepoch=1342286288.558063
#  Enqueue seq in Command Q: <PBXGDB_NewBreakpointSequence: 0x202795180> t=7.881793 Tepoch=1342286288.558141
#  Enqueue seq in Command Q: <PBXGDB_NewBreakpointSequence: 0x2027754c0> t=7.881875 Tepoch=1342286288.558223
#  Enqueue seq in Command Q: <PBXGDB_NewBreakpointSequence: 0x20274f7c0> t=7.881956 Tepoch=1342286288.558304
#  Enqueue seq in Command Q: <PBXGDB_NewBreakpointSequence: 0x202731560> t=7.882035 Tepoch=1342286288.558383
#  Enqueue seq in Command Q: <PBXGDB_NewBreakpointSequence: 0x202670c80> t=7.882111 Tepoch=1342286288.558459
#  Enqueue seq in Command Q: <PBXGDB_NewBreakpointSequence: 0x20265bcc0> t=7.882209 Tepoch=1342286288.558558
#  Enqueue seq in Command Q: <PBXGDB_NewBreakpointSequence: 0x20264ffe0> t=7.882319 Tepoch=1342286288.558667
#  Enqueue seq in Command Q: <PBXGDB_NewBreakpointSequence: 0x2026439a0> t=7.882394 Tepoch=1342286288.558742
#  Enqueue seq in Command Q: <PBXGDB_NewBreakpointSequence: 0x202625f20> t=7.882476 Tepoch=1342286288.558824
#  Enqueue seq in Command Q: <PBXGDB_NewBreakpointSequence: 0x202616a60> t=7.882554 Tepoch=1342286288.558902
#  Enqueue seq in Command Q: <PBXGDB_NewBreakpointSequence: 0x2026115a0> t=7.882634 Tepoch=1342286288.558982
#  Enqueue seq in Command Q: <PBXGDB_NewBreakpointSequence: 0x2025fe1a0> t=7.882712 Tepoch=1342286288.559060
#  Enqueue seq in Command Q: <PBXGDB_NewBreakpointSequence: 0x2025f37a0> t=7.882793 Tepoch=1342286288.559141
#  Enqueue seq in Command Q: <PBXGDB_NewBreakpointSequence: 0x2025e3460> t=7.882873 Tepoch=1342286288.559221
#  Enqueue seq in Command Q: <PBXGDB_NewBreakpointSequence: 0x2025da560> t=7.882949 Tepoch=1342286288.559297
#  Enqueue seq in Command Q: <PBXGDB_NewBreakpointSequence: 0x2025d0940> t=7.883026 Tepoch=1342286288.559374
#  Enqueue seq in Command Q: <PBXGDB_NewBreakpointSequence: 0x2025c6800> t=7.883298 Tepoch=1342286288.559646
#  Enqueue seq in Command Q: <PBXGDB_NewBreakpointSequence: 0x2025b9e60> t=7.883377 Tepoch=1342286288.559725
#  Enqueue seq in Command Q: <PBXGDB_NewBreakpointSequence: 0x2025a4460> t=7.883455 Tepoch=1342286288.559803
#  Enqueue seq in Command Q: <PBXGDB_NewBreakpointSequence: 0x2025910c0> t=7.883536 Tepoch=1342286288.559884
#  Enqueue seq in Command Q: <PBXGDB_NewBreakpointSequence: 0x202571d40> t=7.883613 Tepoch=1342286288.559961
#  Enqueue seq in Command Q: <PBXGDB_NewBreakpointSequence: 0x202566a80> t=7.883691 Tepoch=1342286288.560039
#  Enqueue seq in Command Q: <PBXGDB_NewBreakpointSequence: 0x2025633c0> t=8.651284 Tepoch=1342286289.327632
#  Enqueue seq in Command Q: <PBXGDB_NewBreakpointSequence: 0x20255ce60> t=8.651374 Tepoch=1342286289.327722
#  Enqueue seq in Command Q: <PBXGDB_NewBreakpointSequence: 0x20254f1c0> t=8.651443 Tepoch=1342286289.327791
#  Enqueue seq in Command Q: <PBXGDB_NewBreakpointSequence: 0x20253e4a0> t=8.651558 Tepoch=1342286289.327906
#  Enqueue seq in Command Q: <PBXGDB_NewBreakpointSequence: 0x202533d80> t=8.651623 Tepoch=1342286289.327971
#  Enqueue seq in Command Q: <PBXGDB_NewBreakpointSequence: 0x202528080> t=8.651684 Tepoch=1342286289.328032
#  Enqueue seq in Command Q: <PBXGDB_NewBreakpointSequence: 0x202654060> t=8.652642 Tepoch=1342286289.328990
<- ~"GNU gdb 6.3.50-20050815 (Apple version gdb-1515) (Sat Jan 15 08:33:48 UTC 2011)\n"
<- ~"Copyright 2004 Free Software Foundation, Inc.\n"
<- ~"GDB is free software, covered by the GNU General Public License, and you are\nwelcome to change it and/or distribute copies of it under certain conditions.\nType \"show copying\" to see the conditions.\nThere is absolutely no warranty for GDB.  Type \"show warranty\" for details.\n"
<- ~"This GDB was configured as \"x86_64-apple-darwin\"."
<- 6102^done,version="6.3.50-20050815 (Apple version gdb-1515)",rc_version="1515",target="x86_64-apple-darwin",build-date="Sat Jan 15 08:33:48 UTC 2011",time={wallclock="0.00042",user="0.00034",system="0.00006",start="1342286288.204499",end="1342286288.204919"}
#  processing result t=8.687510 Tepoch=1342286289.363858
<- (gdb) 
<- 6103^done,time={wallclock="0.00003",user="0.00003",system="0.00000",start="1342286288.205016",end="1342286288.205047"}
#  processing result t=8.687638 Tepoch=1342286289.363986
<- (gdb) 
<- 6104^done,time={wallclock="0.00007",user="0.00003",system="0.00004",start="1342286288.205138",end="1342286288.205210"}
#  processing result t=8.687738 Tepoch=1342286289.364086
<- (gdb) 
<- 6105^done,time={wallclock="0.00001",user="0.00001",system="0.00000",start="1342286288.205328",end="1342286288.205341"}
#  processing result t=8.687837 Tepoch=1342286289.364185
<- (gdb) 
<- 6106^done,time={wallclock="0.00001",user="0.00001",system="0.00000",start="1342286288.205432",end="1342286288.205444"}
#  processing result t=8.687935 Tepoch=1342286289.364283
<- (gdb) 
<- 6107^done,time={wallclock="0.00002",user="0.00001",system="0.00000",start="1342286288.206066",end="1342286288.206081"}
#  processing result t=8.688033 Tepoch=1342286289.364381
<- (gdb) 
<- 6108^done,time={wallclock="0.00001",user="0.00001",system="0.00000",start="1342286288.206213",end="1342286288.206226"}
#  processing result t=8.688131 Tepoch=1342286289.364479
<- (gdb) 
<- 6109^done,time={wallclock="0.00001",user="0.00001",system="0.00000",start="1342286288.206386",end="1342286288.206397"}
#  processing result t=8.688229 Tepoch=1342286289.364577
<- (gdb) 
<- 6110^done,time={wallclock="0.00001",user="0.00001",system="0.00000",start="1342286288.206553",end="1342286288.206566"}
#  processing result t=8.688327 Tepoch=1342286289.364675
<- (gdb) 
<- 6111^done,time={wallclock="0.00001",user="0.00001",system="0.00000",start="1342286288.206864",end="1342286288.206878"}
#  processing result t=8.688425 Tepoch=1342286289.364773
<- (gdb) 
<- 6112^done,time={wallclock="0.00001",user="0.00001",system="0.00000",start="1342286288.207091",end="1342286288.207103"}
#  processing result t=8.688552 Tepoch=1342286289.364900
<- (gdb) 
<- 6113^done,time={wallclock="0.00001",user="0.00001",system="0.00000",start="1342286288.207244",end="1342286288.207257"}
#  processing result t=8.688674 Tepoch=1342286289.365022
<- (gdb) 
<- 6114^done,time={wallclock="0.00001",user="0.00001",system="0.00000",start="1342286288.207379",end="1342286288.207392"}
#  processing result t=8.688776 Tepoch=1342286289.365124
<- (gdb) 
<- 6115^done,time={wallclock="0.00001",user="0.00001",system="0.00000",start="1342286288.207465",end="1342286288.207477"}
#  processing result t=8.688873 Tepoch=1342286289.365221
<- (gdb) 
<- 6116^done,time={wallclock="0.00001",user="0.00001",system="0.00000",start="1342286288.207686",end="1342286288.207699"}
#  processing result t=9.370666 Tepoch=1342286290.047015
<- (gdb) 
<- 6117^done,time={wallclock="0.00002",user="0.00001",system="0.00001",start="1342286288.208004",end="1342286288.208026"}
#  processing result t=9.370833 Tepoch=1342286290.047182
<- (gdb) 
<- 6118^done,time={wallclock="0.00001",user="0.00001",system="0.00000",start="1342286288.208107",end="1342286288.208118"}
#  processing result t=9.370947 Tepoch=1342286290.047295
<- (gdb) 
<- 6119^done,time={wallclock="0.00007",user="0.00006",system="0.00000",start="1342286288.422101",end="1342286288.422169"}
#  processing result t=9.371062 Tepoch=1342286290.047410
<- (gdb) 
<- 6120^done,time={wallclock="0.00002",user="0.00001",system="0.00000",start="1342286288.422320",end="1342286288.422335"}
#  processing result t=9.371173 Tepoch=1342286290.047521
<- (gdb) 
<- 6121^done,time={wallclock="0.00001",user="0.00001",system="0.00000",start="1342286288.422502",end="1342286288.422515"}
#  processing result t=9.371283 Tepoch=1342286290.047631
<- (gdb) 
<- 6122^done,time={wallclock="0.00005",user="0.00001",system="0.00001",start="1342286288.422600",end="1342286288.422649"}
#  processing result t=9.371392 Tepoch=1342286290.047741
<- (gdb) 
<- 6123^done,time={wallclock="0.00001",user="0.00001",system="0.00000",start="1342286288.422740",end="1342286288.422753"}
#  processing result t=9.371507 Tepoch=1342286290.047855
<- (gdb) 
<- 6124^done,time={wallclock="0.00001",user="0.00001",system="0.00000",start="1342286288.422932",end="1342286288.422946"}
#  processing result t=9.371618 Tepoch=1342286290.047966
<- (gdb) 
<- 6125^done,time={wallclock="0.00001",user="0.00001",system="0.00000",start="1342286288.423044",end="1342286288.423057"}
#  processing result t=9.371729 Tepoch=1342286290.048077
<- (gdb) 
<- 6126^done,time={wallclock="0.00001",user="0.00001",system="0.00000",start="1342286288.423160",end="1342286288.423173"}
#  processing result t=9.371843 Tepoch=1342286290.048191
<- (gdb) 
<- 6127^done,time={wallclock="0.00001",user="0.00001",system="0.00000",start="1342286288.423254",end="1342286288.423266"}
#  processing result t=9.371953 Tepoch=1342286290.048301
<- (gdb) 
<- 6128^done,time={wallclock="0.00001",user="0.00001",system="0.00000",start="1342286288.423333",end="1342286288.423346"}
#  processing result t=9.372061 Tepoch=1342286290.048409
<- (gdb) 
<- 6129^done,time={wallclock="0.00001",user="0.00001",system="0.00000",start="1342286288.423454",end="1342286288.423467"}
#  processing result t=9.372169 Tepoch=1342286290.048517
<- (gdb) 
<- 6130^done,time={wallclock="0.00001",user="0.00001",system="0.00000",start="1342286288.423680",end="1342286288.423692"}
#  processing result t=9.372282 Tepoch=1342286290.048630
<- (gdb) 
<- 6131^done,time={wallclock="0.00001",user="0.00001",system="0.00000",start="1342286288.423801",end="1342286288.423814"}
#  processing result t=9.372400 Tepoch=1342286290.048748
<- (gdb) 
<- 6133^done,time={wallclock="0.00006",user="0.00001",system="0.00005",start="1342286288.423900",end="1342286288.423960"}
#  processing result t=9.372514 Tepoch=1342286290.048862
<- (gdb) 
<- 6132^done,time={wallclock="0.00003",user="0.00003",system="0.00000",start="1342286288.424705",end="1342286288.424736"}
#  processing result t=9.372627 Tepoch=1342286290.048975
-> 6136sharedlibrary apply-load-rules all
#  PBXGDB_MISharedLibraryApplyLoadRulesCommand t=9.372702 Tepoch=1342286290.049050
<- (gdb) 
<- &"tty /dev/ttys005\n"
<- 6134^done
#  processing result t=9.372965 Tepoch=1342286290.049313
<- (gdb) 
<- &"sharedlibrary apply-load-rules all\n"
<- 6136^done
#  processing result t=9.379851 Tepoch=1342286290.056199
#  didFinish Sequence: <PBXGDB_SetupSharedLibrarySequence: 0x200244880> t=9.379917 Tepoch=1342286290.056265
#  Executing Sequence: <PBXGDB_GenericMICommandSequence: 0x2000477e0> t=9.379960 Tepoch=1342286290.056308
-> 6135-file-exec-and-symbols "/Users/localadmin/Documents/School/Computer Science/Intro to C/TicTacToe/build/Debug/TicTacToe"
#  PBXGDB_MILoadExecutableCommand t=9.381197 Tepoch=1342286290.057545
<- (gdb) 
#  Enqueue seq in Command Q: <PBXGDB_QuitSequence: 0x201998ac0> t=15.565747 Tepoch=1342286296.242095
#  Executing Sequence: <PBXGDB_QuitSequence: 0x201998ac0> t=15.565819 Tepoch=1342286296.242167
-> 6137kill
#  PBXGDB_MIKillCommand t=15.565884 Tepoch=1342286296.242233
